<?xml version="1.0" encoding="UTF-8"?>
<!-- Generated by org.testng.reporters.JUnitXMLReporter -->
<testsuite hostname="DESKTOP-2G9S8JA" name="Run on Firefox" tests="10" failures="0" timestamp="14 Mar 2020 08:24:14 GMT" time="32.928" errors="0">
  <testcase name="TC_01_Register" time="5.408" classname="com.nopcommerce.payment.Level_03_Page_Object_Pattern"/>
  <testcase name="TC_02_LoginWithEmailAndPasswordEmpty" time="1.638" classname="com.nopcommerce.payment.Level_03_Page_Object_Pattern"/>
  <testcase name="TC_03_LoginWithEmailEmpty" time="0.4" classname="com.nopcommerce.payment.Level_03_Page_Object_Pattern"/>
  <testcase name="TC_04_LoginWithWrongEmailFormat" time="0.402" classname="com.nopcommerce.payment.Level_03_Page_Object_Pattern"/>
  <testcase name="TC_05_LoginWithValidEmailAndPassword" time="1.926" classname="com.nopcommerce.payment.Level_03_Page_Object_Pattern"/>
  <testcase name="TC_01_Register" time="6.117" classname="com.nopcommerce.payment.Level_05_Page_Generator_Manager"/>
  <testcase name="TC_02_LoginWithEmailAndPasswordEmpty" time="1.7" classname="com.nopcommerce.payment.Level_05_Page_Generator_Manager"/>
  <testcase name="TC_03_LoginWithEmailEmpty" time="0.385" classname="com.nopcommerce.payment.Level_05_Page_Generator_Manager"/>
  <testcase name="TC_04_LoginWithWrongEmailFormat" time="0.383" classname="com.nopcommerce.payment.Level_05_Page_Generator_Manager"/>
  <testcase name="TC_05_LoginWithValidEmailAndPassword" time="1.939" classname="com.nopcommerce.payment.Level_05_Page_Generator_Manager"/>
</testsuite> <!-- Run on Firefox -->
