<?xml version="1.0" encoding="UTF-8"?>
<!-- Generated by org.testng.reporters.JUnitXMLReporter -->
<testsuite hostname="VNDEV21" name="Default test" tests="5" failures="0" timestamp="12 Mar 2020 08:27:47 GMT" time="19.08" errors="0">
  <testcase name="TC_01_Register" time="6.01" classname="com.nopcommerce.payment.Level_03_Page_Object_Pattern"/>
  <testcase name="TC_02_LoginWithEmailAndPasswordEmpty" time="1.24" classname="com.nopcommerce.payment.Level_03_Page_Object_Pattern"/>
  <testcase name="TC_03_LoginWithEmailEmpty" time="0.7" classname="com.nopcommerce.payment.Level_03_Page_Object_Pattern"/>
  <testcase name="TC_04_LoginWithWrongEmailFormat" time="0.63" classname="com.nopcommerce.payment.Level_03_Page_Object_Pattern"/>
  <testcase name="TC_06_LoginWithValidEmailAndPassword" time="2.3" classname="com.nopcommerce.payment.Level_03_Page_Object_Pattern"/>
</testsuite> <!-- Default test -->
